{"name": "test_update_user", "status": "failed", "statusDetails": {"message": "AssertionError: Expected <6.726067> to be less than or equal to <2>, but was not.", "trace": "def test_update_user():\n        payload = {\n            \"name\": \"joshua update\",\n            \"job\": \"QA Engineer\"\n        }\n    \n        req = requests.put(\"https://reqres.in/api/users/2\", json=payload)\n        response = req.json()\n    \n        assert_that(req.status_code).is_equal_to(200)\n>       assert_that(req.elapsed.total_seconds()).is_less_than_or_equal_to(2)\nE       AssertionError: Expected <6.726067> to be less than or equal to <2>, but was not.\n\nAPI Automation\\test_update_user.py:15: AssertionError"}, "start": 1718726638981, "stop": 1718726645708, "uuid": "e92b9d3d-eb1d-4d63-b943-36e953ac631f", "historyId": "d1032fdedb51c9af526343a97ca8522d", "testCaseId": "d1032fdedb51c9af526343a97ca8522d", "fullName": "API Automation.test_update_user#test_update_user", "labels": [{"name": "parentSuite", "value": "API Automation"}, {"name": "suite", "value": "test_update_user"}, {"name": "host", "value": "LAPTOP-B4G678FN"}, {"name": "thread", "value": "6612-MainThread"}, {"name": "framework", "value": "pytest"}, {"name": "language", "value": "cpython3"}, {"name": "package", "value": "API Automation.test_update_user"}]}