{"uid":"fdc24c2ad471147f","name":"test_update_user","fullName":"API Automation.test_update_user#test_update_user","historyId":"d1032fdedb51c9af526343a97ca8522d","time":{"start":1718726638981,"stop":1718726645708,"duration":6727},"status":"failed","statusMessage":"AssertionError: Expected <6.726067> to be less than or equal to <2>, but was not.","statusTrace":"def test_update_user():\n        payload = {\n            \"name\": \"joshua update\",\n            \"job\": \"QA Engineer\"\n        }\n    \n        req = requests.put(\"https://reqres.in/api/users/2\", json=payload)\n        response = req.json()\n    \n        assert_that(req.status_code).is_equal_to(200)\n>       assert_that(req.elapsed.total_seconds()).is_less_than_or_equal_to(2)\nE       AssertionError: Expected <6.726067> to be less than or equal to <2>, but was not.\n\nAPI Automation\\test_update_user.py:15: AssertionError","flaky":false,"newFailed":false,"newBroken":false,"newPassed":false,"retriesCount":0,"retriesStatusChange":false,"beforeStages":[{"name":"_session_faker","time":{"start":1718726637384,"stop":1718726637533,"duration":149},"status":"passed","steps":[],"attachments":[],"parameters":[],"hasContent":false,"shouldDisplayMessage":false,"attachmentsCount":0,"stepsCount":0,"attachmentStep":false}],"afterStages":[],"labels":[{"name":"parentSuite","value":"API Automation"},{"name":"suite","value":"test_update_user"},{"name":"host","value":"LAPTOP-B4G678FN"},{"name":"thread","value":"6612-MainThread"},{"name":"framework","value":"pytest"},{"name":"language","value":"cpython3"},{"name":"package","value":"API Automation.test_update_user"},{"name":"resultFormat","value":"allure2"}],"parameters":[],"links":[],"hidden":true,"retry":true,"extra":{"categories":[],"tags":[]},"source":"fdc24c2ad471147f.json","parameterValues":[]}